0 info it worked if it ends with ok
1 verbose cli [ '/Users/iam4x/.nvm/versions/node/v4.2.1/bin/node',
1 verbose cli   '/Users/iam4x/.nvm/versions/node/v4.2.1/bin/npm',
1 verbose cli   'run',
1 verbose cli   'dev' ]
2 info using npm@2.14.7
3 info using node@v4.2.1
4 verbose run-script [ 'predev', 'dev', 'postdev' ]
5 info predev watchdeps-menubar@1.0.0
6 info dev watchdeps-menubar@1.0.0
7 verbose unsafe-perm in lifecycle true
8 info watchdeps-menubar@1.0.0 Failed to exec dev script
9 verbose stack Error: watchdeps-menubar@1.0.0 dev: `NODE_ENV=development babel-node ./webpack/utils/start-dev-server`
9 verbose stack Exit status 1
9 verbose stack     at EventEmitter.<anonymous> (/Users/iam4x/.nvm/versions/node/v4.2.1/lib/node_modules/npm/lib/utils/lifecycle.js:214:16)
9 verbose stack     at emitTwo (events.js:87:13)
9 verbose stack     at EventEmitter.emit (events.js:172:7)
9 verbose stack     at ChildProcess.<anonymous> (/Users/iam4x/.nvm/versions/node/v4.2.1/lib/node_modules/npm/lib/utils/spawn.js:24:14)
9 verbose stack     at emitTwo (events.js:87:13)
9 verbose stack     at ChildProcess.emit (events.js:172:7)
9 verbose stack     at maybeClose (internal/child_process.js:818:16)
9 verbose stack     at Process.ChildProcess._handle.onexit (internal/child_process.js:211:5)
10 verbose pkgid watchdeps-menubar@1.0.0
11 verbose cwd /Users/iam4x/github/watchdeps-menubar
12 error Darwin 15.0.0
13 error argv "/Users/iam4x/.nvm/versions/node/v4.2.1/bin/node" "/Users/iam4x/.nvm/versions/node/v4.2.1/bin/npm" "run" "dev"
14 error node v4.2.1
15 error npm  v2.14.7
16 error code ELIFECYCLE
17 error watchdeps-menubar@1.0.0 dev: `NODE_ENV=development babel-node ./webpack/utils/start-dev-server`
17 error Exit status 1
18 error Failed at the watchdeps-menubar@1.0.0 dev script 'NODE_ENV=development babel-node ./webpack/utils/start-dev-server'.
18 error This is most likely a problem with the watchdeps-menubar package,
18 error not with npm itself.
18 error Tell the author that this fails on your system:
18 error     NODE_ENV=development babel-node ./webpack/utils/start-dev-server
18 error You can get their info via:
18 error     npm owner ls watchdeps-menubar
18 error There is likely additional logging output above.
19 verbose exit [ 1, true ]
